{
  "RSpec": {
    "coverage": {
      "/home/sss/Ruby_projects/Breweries/app/models/rating.rb": [
        1,
        1,
        1,
        1,
        1,
        null,
        null,
        null,
        1,
        28,
        null,
        null,
        null,
        null
      ],
      "/home/sss/Ruby_projects/Breweries/app/models/concerns/rating_average.rb": [
        1,
        1,
        null,
        1,
        14,
        36,
        null,
        null
      ],
      "/home/sss/Ruby_projects/Breweries/app/helpers/application_helper.rb": [
        1,
        null
      ],
      "/home/sss/Ruby_projects/Breweries/app/helpers/beer_clubs_helper.rb": [
        1,
        null
      ],
      "/home/sss/Ruby_projects/Breweries/app/helpers/beers_helper.rb": [
        1,
        null
      ],
      "/home/sss/Ruby_projects/Breweries/app/helpers/breweries_helper.rb": [
        1,
        null
      ],
      "/home/sss/Ruby_projects/Breweries/app/helpers/memberships_helper.rb": [
        1,
        null
      ],
      "/home/sss/Ruby_projects/Breweries/app/helpers/users_helper.rb": [
        1,
        null
      ],
      "/home/sss/Ruby_projects/Breweries/app/models/beer.rb": [
        1,
        1,
        null,
        1,
        1,
        1,
        1,
        1,
        null,
        null,
        null,
        null,
        null,
        null,
        null,
        null,
        null,
        null,
        null,
        null,
        null,
        null,
        null,
        1,
        2,
        null,
        null
      ],
      "/home/sss/Ruby_projects/Breweries/app/models/brewery.rb": [
        1,
        1,
        null,
        1,
        1,
        null,
        1,
        26,
        null,
        1,
        0,
        0,
        0,
        null,
        null,
        1,
        0,
        0,
        null,
        null,
        null
      ],
      "/home/sss/Ruby_projects/Breweries/app/models/user.rb": [
        1,
        1,
        1,
        null,
        1,
        1,
        1,
        null,
        null,
        null,
        null,
        null,
        1,
        1,
        1,
        1,
        null,
        1,
        3,
        2,
        null,
        1,
        6,
        null,
        31,
        16,
        null,
        null,
        1,
        6,
        null,
        31,
        14,
        null,
        null,
        1,
        null,
        1,
        67,
        10,
        null,
        null,
        1,
        49,
        8,
        null,
        null,
        null,
        null
      ],
      "/home/sss/Ruby_projects/Breweries/app/controllers/beers_controller.rb": [
        1,
        1,
        null,
        null,
        null,
        1,
        1,
        null,
        null,
        null,
        null,
        1,
        null,
        null,
        null,
        1,
        2,
        2,
        null,
        null,
        null,
        1,
        0,
        null,
        null,
        null,
        null,
        1,
        2,
        null,
        2,
        2,
        2,
        1,
        null,
        1,
        2,
        1,
        null,
        null,
        null,
        null,
        null,
        null,
        1,
        0,
        0,
        0,
        0,
        null,
        0,
        0,
        null,
        null,
        null,
        null,
        null,
        null,
        1,
        0,
        0,
        0,
        0,
        null,
        null,
        null,
        1,
        null,
        1,
        0,
        null,
        null,
        null,
        1,
        2,
        null,
        1,
        3,
        3,
        null,
        null,
        null
      ],
      "/home/sss/Ruby_projects/Breweries/app/controllers/application_controller.rb": [
        1,
        null,
        null,
        1,
        null,
        null,
        1,
        null,
        1,
        131,
        76,
        null,
        null,
        null
      ],
      "/home/sss/Ruby_projects/Breweries/app/controllers/breweries_controller.rb": [
        1,
        1,
        1,
        null,
        null,
        null,
        null,
        1,
        3,
        null,
        null,
        null,
        null,
        1,
        null,
        null,
        null,
        1,
        0,
        null,
        null,
        null,
        1,
        null,
        null,
        null,
        null,
        1,
        0,
        null,
        0,
        0,
        0,
        0,
        null,
        0,
        0,
        null,
        null,
        null,
        null,
        null,
        null,
        1,
        0,
        0,
        0,
        0,
        null,
        0,
        0,
        null,
        null,
        null,
        null,
        null,
        null,
        1,
        0,
        0,
        0,
        0,
        null,
        null,
        null,
        1,
        null,
        null,
        1,
        0,
        0,
        0,
        null,
        null,
        null,
        null,
        1,
        1,
        null,
        null,
        null,
        1,
        0,
        null,
        null
      ],
      "/home/sss/Ruby_projects/Breweries/app/controllers/sessions_controller.rb": [
        1,
        1,
        null,
        null,
        null,
        1,
        null,
        6,
        6,
        5,
        5,
        null,
        1,
        null,
        null,
        null,
        1,
        null,
        0,
        null,
        0,
        null,
        null
      ],
      "/home/sss/Ruby_projects/Breweries/app/controllers/users_controller.rb": [
        1,
        1,
        null,
        null,
        null,
        1,
        0,
        null,
        null,
        null,
        null,
        1,
        null,
        null,
        null,
        null,
        1,
        1,
        null,
        null,
        null,
        1,
        null,
        null,
        null,
        null,
        1,
        1,
        null,
        1,
        1,
        2,
        1,
        null,
        0,
        0,
        null,
        null,
        null,
        null,
        null,
        null,
        1,
        0,
        0,
        0,
        0,
        null,
        0,
        0,
        null,
        null,
        null,
        null,
        null,
        null,
        1,
        0,
        0,
        0,
        null,
        0,
        0,
        0,
        null,
        null,
        null,
        1,
        null,
        1,
        12,
        null,
        null,
        null,
        1,
        1,
        null,
        null
      ],
      "/home/sss/Ruby_projects/Breweries/app/models/membership.rb": [
        1,
        1,
        1,
        null,
        null
      ],
      "/home/sss/Ruby_projects/Breweries/app/models/beer_club.rb": [
        1,
        null,
        1,
        1,
        null,
        null
      ],
      "/home/sss/Ruby_projects/Breweries/app/controllers/ratings_controller.rb": [
        1,
        null,
        null,
        1,
        1,
        null,
        null,
        1,
        1,
        1,
        null,
        null,
        1,
        null,
        1,
        null,
        null,
        null,
        1,
        1,
        1,
        null,
        0,
        0,
        null,
        null,
        null,
        1,
        1,
        1,
        1,
        null,
        null,
        null
      ],
      "/home/sss/Ruby_projects/Breweries/app/controllers/beer_clubs_controller.rb": [
        0,
        0,
        0,
        0,
        0,
        0,
        0,
        0,
        0,
        0,
        0,
        0,
        0,
        0,
        0,
        0,
        0,
        0,
        0,
        0,
        0,
        0,
        0,
        0,
        0,
        0,
        0,
        0,
        0,
        0,
        0,
        0,
        0,
        0,
        0,
        0,
        0,
        0,
        0,
        0,
        0,
        0,
        0,
        0,
        0,
        0,
        0,
        0,
        0,
        0,
        0,
        0,
        0,
        0,
        0,
        0,
        0,
        0,
        0,
        0,
        0,
        0,
        0,
        0,
        0,
        0,
        0,
        0,
        0,
        0,
        0,
        0,
        0,
        0
      ],
      "/home/sss/Ruby_projects/Breweries/app/controllers/memberships_controller.rb": [
        0,
        0,
        0,
        0,
        0,
        0,
        0,
        0,
        0,
        0,
        0,
        0,
        0,
        0,
        0,
        0,
        0,
        0,
        0,
        0,
        0,
        0,
        0,
        0,
        0,
        0,
        0,
        0,
        0,
        0,
        0,
        0,
        0,
        0,
        0,
        0,
        0,
        0,
        0,
        0,
        0,
        0,
        0,
        0,
        0,
        0,
        0,
        0,
        0,
        0,
        0,
        0,
        0,
        0,
        0,
        0,
        0,
        0,
        0,
        0,
        0,
        0,
        0,
        0,
        0,
        0,
        0,
        0,
        0,
        0,
        0,
        0,
        0,
        0
      ]
    },
    "timestamp": 1455920175
  }
}
